$ next dev --hostname 0.0.0.0 --port ${PORT:-3000}
   ▲ Next.js 15.5.15
   - Local:        http://localhost:3001
   - Network:      http://0.0.0.0:3001

 ✓ Starting...
 ✓ Ready in 2.3s
 ○ Compiling / ...
 ⨯ ./app/globals.css.webpack[javascript/auto]!=!../node_modules/next/dist/build/webpack/loaders/css-loader/src/index.js??ruleSet[1].rules[14].oneOf[10].use[2]!../node_modules/next/dist/build/webpack/loaders/postcss-loader/src/index.js??ruleSet[1].rules[14].oneOf[10].use[3]!./app/globals.css
Error: Missing field `negated` on ScannerOptions.sources
Import trace for requested module:
./app/globals.css.webpack[javascript/auto]!=!../node_modules/next/dist/build/webpack/loaders/css-loader/src/index.js??ruleSet[1].rules[14].oneOf[10].use[2]!../node_modules/next/dist/build/webpack/loaders/postcss-loader/src/index.js??ruleSet[1].rules[14].oneOf[10].use[3]!./app/globals.css
./app/globals.css
 ⨯ ./app/globals.css.webpack[javascript/auto]!=!../node_modules/next/dist/build/webpack/loaders/css-loader/src/index.js??ruleSet[1].rules[14].oneOf[10].use[2]!../node_modules/next/dist/build/webpack/loaders/postcss-loader/src/index.js??ruleSet[1].rules[14].oneOf[10].use[3]!./app/globals.css
Error: Missing field `negated` on ScannerOptions.sources
Import trace for requested module:
./app/globals.css.webpack[javascript/auto]!=!../node_modules/next/dist/build/webpack/loaders/css-loader/src/index.js??ruleSet[1].rules[14].oneOf[10].use[2]!../node_modules/next/dist/build/webpack/loaders/postcss-loader/src/index.js??ruleSet[1].rules[14].oneOf[10].use[3]!./app/globals.css
./app/globals.css
 GET / 500 in 18146ms
 ⨯ ./app/globals.css.webpack[javascript/auto]!=!../node_modules/next/dist/build/webpack/loaders/css-loader/src/index.js??ruleSet[1].rules[14].oneOf[10].use[2]!../node_modules/next/dist/build/webpack/loaders/postcss-loader/src/index.js??ruleSet[1].rules[14].oneOf[10].use[3]!./app/globals.css
Error: Missing field `negated` on ScannerOptions.sources
Import trace for requested module:
./app/globals.css.webpack[javascript/auto]!=!../node_modules/next/dist/build/webpack/loaders/css-loader/src/index.js??ruleSet[1].rules[14].oneOf[10].use[2]!../node_modules/next/dist/build/webpack/loaders/postcss-loader/src/index.js??ruleSet[1].rules[14].oneOf[10].use[3]!./app/globals.css
./app/globals.css
 ⨯ ./app/globals.css.webpack[javascript/auto]!=!../node_modules/next/dist/build/webpack/loaders/css-loader/src/index.js??ruleSet[1].rules[14].oneOf[10].use[2]!../node_modules/next/dist/build/webpack/loaders/postcss-loader/src/index.js??ruleSet[1].rules[14].oneOf[10].use[3]!./app/globals.css
Error: Cannot apply unknown utility class `border-slate-200`. Are you using CSS modules or similar and missing `@reference`? https://tailwindcss.com/docs/functions-and-directives#reference-directive
Import trace for requested module:
./app/globals.css.webpack[javascript/auto]!=!../node_modules/next/dist/build/webpack/loaders/css-loader/src/index.js??ruleSet[1].rules[14].oneOf[10].use[2]!../node_modules/next/dist/build/webpack/loaders/postcss-loader/src/index.js??ruleSet[1].rules[14].oneOf[10].use[3]!./app/globals.css
./app/globals.css
error: script "dev" was terminated by signal SIGKILL (Forced quit)
