$ next dev --hostname 0.0.0.0 --port ${PORT:-3000}
   ▲ Next.js 15.5.15
   - Local:        http://localhost:3002
   - Network:      http://0.0.0.0:3002

 ✓ Starting...
 ✓ Ready in 2.3s
 ○ Compiling / ...
 ⨯ ./app/globals.css.webpack[javascript/auto]!=!../node_modules/next/dist/build/webpack/loaders/css-loader/src/index.js??ruleSet[1].rules[14].oneOf[10].use[2]!../node_modules/next/dist/build/webpack/loaders/postcss-loader/src/index.js??ruleSet[1].rules[14].oneOf[10].use[3]!./app/globals.css
ReferenceError: module is not defined in ES module scope
This file is being treated as an ES module because it has a '.js' file extension and '/app/school-app/package.json' contains "type": "module". To treat it as a CommonJS script, rename it to use the '.cjs' file extension.
Import trace for requested module:
./app/globals.css.webpack[javascript/auto]!=!../node_modules/next/dist/build/webpack/loaders/css-loader/src/index.js??ruleSet[1].rules[14].oneOf[10].use[2]!../node_modules/next/dist/build/webpack/loaders/postcss-loader/src/index.js??ruleSet[1].rules[14].oneOf[10].use[3]!./app/globals.css
./app/globals.css
 ⨯ ./app/globals.css.webpack[javascript/auto]!=!../node_modules/next/dist/build/webpack/loaders/css-loader/src/index.js??ruleSet[1].rules[14].oneOf[10].use[2]!../node_modules/next/dist/build/webpack/loaders/postcss-loader/src/index.js??ruleSet[1].rules[14].oneOf[10].use[3]!./app/globals.css
ReferenceError: module is not defined in ES module scope
This file is being treated as an ES module because it has a '.js' file extension and '/app/school-app/package.json' contains "type": "module". To treat it as a CommonJS script, rename it to use the '.cjs' file extension.
Import trace for requested module:
./app/globals.css.webpack[javascript/auto]!=!../node_modules/next/dist/build/webpack/loaders/css-loader/src/index.js??ruleSet[1].rules[14].oneOf[10].use[2]!../node_modules/next/dist/build/webpack/loaders/postcss-loader/src/index.js??ruleSet[1].rules[14].oneOf[10].use[3]!./app/globals.css
./app/globals.css
 GET / 500 in 17837ms
error: script "dev" was terminated by signal SIGKILL (Forced quit)
